# JRE version: Java(TM) SE Runtime Environment (8.0_66-b18) (build 1.8.0_66-b18)
# Java VM: Java HotSpot(TM) 64-Bit Server VM (25.66-b18 mixed mode windows-amd64 compressed oops)
Heap:
 PSYoungGen      total 56320K, used 8474K [0x00000007bc400000, 0x00000007c0000000, 0x00000007c0000000)
  eden space 50688K, 15% used [0x00000007bc400000,0x00000007bcbb6b68,0x00000007bf580000)
  from space 5632K, 10% used [0x00000007bfa80000,0x00000007bfb10000,0x00000007c0000000)
  to   space 5120K, 0% used [0x00000007bf580000,0x00000007bf580000,0x00000007bfa80000)
 ParOldGen       total 172544K, used 45485K [0x0000000700000000, 0x000000070a880000, 0x00000007bc400000)
  object space 172544K, 26% used [0x0000000700000000,0x0000000702c6b4e0,0x000000070a880000)
 Metaspace       used 60072K, capacity 60542K, committed 60968K, reserved 1101824K
  class space    used 8079K, capacity 8199K, committed 8232K, reserved 1048576K
GC Heap History (10 events):
Event: 5224.551 GC heap before
{Heap before GC invocations=322 (full 14):
 PSYoungGen      total 54784K, used 16252K [0x00000007bc400000, 0x00000007c0000000, 0x00000007c0000000)
  eden space 48640K, 32% used [0x00000007bc400000,0x00000007bd3570f8,0x00000007bf380000)
  from space 6144K, 8% used [0x00000007bf380000,0x00000007bf408000,0x00000007bf980000)
  to   space 6144K, 0% used [0x00000007bfa00000,0x00000007bfa00000,0x00000007c0000000)
 ParOldGen       total 172544K, used 47196K [0x0000000700000000, 0x000000070a880000, 0x00000007bc400000)
  object space 172544K, 27% used [0x0000000700000000,0x0000000702e17138,0x000000070a880000)
 Metaspace       used 60071K, capacity 60542K, committed 60968K, reserved 1101824K
  class space    used 8079K, capacity 8199K, committed 8232K, reserved 1048576K
Event: 5224.559 GC heap after
Heap after GC invocations=322 (full 14):
 PSYoungGen      total 55808K, used 256K [0x00000007bc400000, 0x00000007c0000000, 0x00000007c0000000)
  eden space 49664K, 0% used [0x00000007bc400000,0x00000007bc400000,0x00000007bf480000)
  from space 6144K, 4% used [0x00000007bfa00000,0x00000007bfa40000,0x00000007c0000000)
  to   space 5632K, 0% used [0x00000007bf480000,0x00000007bf480000,0x00000007bfa00000)
 ParOldGen       total 172544K, used 47196K [0x0000000700000000, 0x000000070a880000, 0x00000007bc400000)
  object space 172544K, 27% used [0x0000000700000000,0x0000000702e17138,0x000000070a880000)
 Metaspace       used 60071K, capacity 60542K, committed 60968K, reserved 1101824K
  class space    used 8079K, capacity 8199K, committed 8232K, reserved 1048576K
}
Event: 5224.559 GC heap before
{Heap before GC invocations=323 (full 15):
 PSYoungGen      total 55808K, used 256K [0x00000007bc400000, 0x00000007c0000000, 0x00000007c0000000)
  eden space 49664K, 0% used [0x00000007bc400000,0x00000007bc400000,0x00000007bf480000)
  from space 6144K, 4% used [0x00000007bfa00000,0x00000007bfa40000,0x00000007c0000000)
  to   space 5632K, 0% used [0x00000007bf480000,0x00000007bf480000,0x00000007bfa00000)
 ParOldGen       total 172544K, used 47196K [0x0000000700000000, 0x000000070a880000, 0x00000007bc400000)
  object space 172544K, 27% used [0x0000000700000000,0x0000000702e17138,0x000000070a880000)
 Metaspace       used 60071K, capacity 60542K, committed 60968K, reserved 1101824K
  class space    used 8079K, capacity 8199K, committed 8232K, reserved 1048576K
Event: 5228.985 GC heap after
Heap after GC invocations=323 (full 15):
 PSYoungGen      total 55808K, used 0K [0x00000007bc400000, 0x00000007c0000000, 0x00000007c0000000)
  eden space 49664K, 0% used [0x00000007bc400000,0x00000007bc400000,0x00000007bf480000)
  from space 6144K, 0% used [0x00000007bfa00000,0x00000007bfa00000,0x00000007c0000000)
  to   space 5632K, 0% used [0x00000007bf480000,0x00000007bf480000,0x00000007bfa00000)
 ParOldGen       total 172544K, used 47184K [0x0000000700000000, 0x000000070a880000, 0x00000007bc400000)
  object space 172544K, 27% used [0x0000000700000000,0x0000000702e14320,0x000000070a880000)
 Metaspace       used 60071K, capacity 60542K, committed 60968K, reserved 1101824K
  class space    used 8079K, capacity 8199K, committed 8232K, reserved 1048576K
}
Event: 5249.939 GC heap before
{Heap before GC invocations=324 (full 15):
 PSYoungGen      total 55808K, used 7283K [0x00000007bc400000, 0x00000007c0000000, 0x00000007c0000000)
  eden space 49664K, 14% used [0x00000007bc400000,0x00000007bcb1cde8,0x00000007bf480000)
  from space 6144K, 0% used [0x00000007bfa00000,0x00000007bfa00000,0x00000007c0000000)
  to   space 5632K, 0% used [0x00000007bf480000,0x00000007bf480000,0x00000007bfa00000)
 ParOldGen       total 172544K, used 47184K [0x0000000700000000, 0x000000070a880000, 0x00000007bc400000)
  object space 172544K, 27% used [0x0000000700000000,0x0000000702e14320,0x000000070a880000)
 Metaspace       used 60072K, capacity 60542K, committed 60968K, reserved 1101824K
  class space    used 8079K, capacity 8199K, committed 8232K, reserved 1048576K
Event: 5250.832 GC heap after
Heap after GC invocations=324 (full 15):
 PSYoungGen      total 55296K, used 160K [0x00000007bc400000, 0x00000007c0000000, 0x00000007c0000000)
  eden space 49664K, 0% used [0x00000007bc400000,0x00000007bc400000,0x00000007bf480000)
  from space 5632K, 2% used [0x00000007bf480000,0x00000007bf4a8000,0x00000007bfa00000)
  to   space 5632K, 0% used [0x00000007bfa80000,0x00000007bfa80000,0x00000007c0000000)
 ParOldGen       total 172544K, used 47184K [0x0000000700000000, 0x000000070a880000, 0x00000007bc400000)
  object space 172544K, 27% used [0x0000000700000000,0x0000000702e14320,0x000000070a880000)
 Metaspace       used 60072K, capacity 60542K, committed 60968K, reserved 1101824K
  class space    used 8079K, capacity 8199K, committed 8232K, reserved 1048576K
}
Event: 5250.833 GC heap before
{Heap before GC invocations=325 (full 16):
 PSYoungGen      total 55296K, used 160K [0x00000007bc400000, 0x00000007c0000000, 0x00000007c0000000)
  eden space 49664K, 0% used [0x00000007bc400000,0x00000007bc400000,0x00000007bf480000)
  from space 5632K, 2% used [0x00000007bf480000,0x00000007bf4a8000,0x00000007bfa00000)
  to   space 5632K, 0% used [0x00000007bfa80000,0x00000007bfa80000,0x00000007c0000000)
 ParOldGen       total 172544K, used 47184K [0x0000000700000000, 0x000000070a880000, 0x00000007bc400000)
  object space 172544K, 27% used [0x0000000700000000,0x0000000702e14320,0x000000070a880000)
 Metaspace       used 60072K, capacity 60542K, committed 60968K, reserved 1101824K
  class space    used 8079K, capacity 8199K, committed 8232K, reserved 1048576K
Event: 5254.827 GC heap after
Heap after GC invocations=325 (full 16):
 PSYoungGen      total 55296K, used 0K [0x00000007bc400000, 0x00000007c0000000, 0x00000007c0000000)
  eden space 49664K, 0% used [0x00000007bc400000,0x00000007bc400000,0x00000007bf480000)
  from space 5632K, 0% used [0x00000007bf480000,0x00000007bf480000,0x00000007bfa00000)
  to   space 5632K, 0% used [0x00000007bfa80000,0x00000007bfa80000,0x00000007c0000000)
 ParOldGen       total 172544K, used 45485K [0x0000000700000000, 0x000000070a880000, 0x00000007bc400000)
  object space 172544K, 26% used [0x0000000700000000,0x0000000702c6b4e0,0x000000070a880000)
 Metaspace       used 60072K, capacity 60542K, committed 60968K, reserved 1101824K
  class space    used 8079K, capacity 8199K, committed 8232K, reserved 1048576K
}
Event: 5561.952 GC heap before
{Heap before GC invocations=326 (full 16):
 PSYoungGen      total 55296K, used 49664K [0x00000007bc400000, 0x00000007c0000000, 0x00000007c0000000)
  eden space 49664K, 100% used [0x00000007bc400000,0x00000007bf480000,0x00000007bf480000)
  from space 5632K, 0% used [0x00000007bf480000,0x00000007bf480000,0x00000007bfa00000)
  to   space 5632K, 0% used [0x00000007bfa80000,0x00000007bfa80000,0x00000007c0000000)
 ParOldGen       total 172544K, used 45485K [0x0000000700000000, 0x000000070a880000, 0x00000007bc400000)
  object space 172544K, 26% used [0x0000000700000000,0x0000000702c6b4e0,0x000000070a880000)
 Metaspace       used 60072K, capacity 60542K, committed 60968K, reserved 1101824K
  class space    used 8079K, capacity 8199K, committed 8232K, reserved 1048576K
Event: 5562.486 GC heap after
Heap after GC invocations=326 (full 16):
 PSYoungGen      total 56320K, used 576K [0x00000007bc400000, 0x00000007c0000000, 0x00000007c0000000)
  eden space 50688K, 0% used [0x00000007bc400000,0x00000007bc400000,0x00000007bf580000)
  from space 5632K, 10% used [0x00000007bfa80000,0x00000007bfb10000,0x00000007c0000000)
  to   space 5120K, 0% used [0x00000007bf580000,0x00000007bf580000,0x00000007bfa80000)
 ParOldGen       total 172544K, used 45485K [0x0000000700000000, 0x000000070a880000, 0x00000007bc400000)
  object space 172544K, 26% used [0x0000000700000000,0x0000000702c6b4e0,0x000000070a880000)
 Metaspace       used 60072K, capacity 60542K, committed 60968K, reserved 1101824K
  class space    used 8079K, capacity 8199K, committed 8232K, reserved 1048576K
}

